{"C:\\Users\\Andhika S P\\Desktop\\purwadhika\\2-module\\16-testing\\function-test\\src\\basic.js": {"path":"C:\\Users\\Andhika S P\\Desktop\\purwadhika\\2-module\\16-testing\\function-test\\src\\basic.js","all":false,"statementMap":{"0":{"start":{"line":1,"column":0},"end":{"line":1,"column":37}},"1":{"start":{"line":2,"column":0},"end":{"line":2,"column":20}},"2":{"start":{"line":3,"column":0},"end":{"line":3,"column":1}},"3":{"start":{"line":4,"column":0},"end":{"line":4,"column":0}},"4":{"start":{"line":5,"column":0},"end":{"line":5,"column":30}},"5":{"start":{"line":6,"column":0},"end":{"line":6,"column":53}},"6":{"start":{"line":7,"column":0},"end":{"line":7,"column":42}},"7":{"start":{"line":8,"column":0},"end":{"line":8,"column":0}},"8":{"start":{"line":9,"column":0},"end":{"line":9,"column":22}},"9":{"start":{"line":10,"column":0},"end":{"line":10,"column":27}},"10":{"start":{"line":11,"column":0},"end":{"line":11,"column":29}},"11":{"start":{"line":12,"column":0},"end":{"line":12,"column":1}},"12":{"start":{"line":13,"column":0},"end":{"line":13,"column":0}},"13":{"start":{"line":14,"column":0},"end":{"line":14,"column":30}},"14":{"start":{"line":15,"column":0},"end":{"line":15,"column":67}},"15":{"start":{"line":16,"column":0},"end":{"line":16,"column":59}},"16":{"start":{"line":17,"column":0},"end":{"line":17,"column":35}},"17":{"start":{"line":18,"column":0},"end":{"line":18,"column":30}},"18":{"start":{"line":19,"column":0},"end":{"line":19,"column":1}}},"s":{"0":1,"1":2,"2":2,"3":1,"4":1,"5":4,"6":4,"7":3,"8":4,"9":2,"10":1,"11":4,"12":1,"13":1,"14":9,"15":9,"16":9,"17":4,"18":4},"branchMap":{"0":{"type":"branch","line":1,"loc":{"start":{"line":1,"column":7},"end":{"line":3,"column":1}},"locations":[{"start":{"line":1,"column":7},"end":{"line":3,"column":1}}]},"1":{"type":"branch","line":5,"loc":{"start":{"line":5,"column":7},"end":{"line":12,"column":1}},"locations":[{"start":{"line":5,"column":7},"end":{"line":12,"column":1}}]},"2":{"type":"branch","line":7,"loc":{"start":{"line":7,"column":4},"end":{"line":7,"column":42}},"locations":[{"start":{"line":7,"column":4},"end":{"line":7,"column":42}}]},"3":{"type":"branch","line":8,"loc":{"start":{"line":8,"column":-2},"end":{"line":9,"column":13}},"locations":[{"start":{"line":8,"column":-2},"end":{"line":9,"column":13}}]},"4":{"type":"branch","line":9,"loc":{"start":{"line":9,"column":13},"end":{"line":9,"column":22}},"locations":[{"start":{"line":9,"column":13},"end":{"line":9,"column":22}}]},"5":{"type":"branch","line":10,"loc":{"start":{"line":10,"column":-2},"end":{"line":11,"column":29}},"locations":[{"start":{"line":10,"column":-2},"end":{"line":11,"column":29}}]},"6":{"type":"branch","line":10,"loc":{"start":{"line":10,"column":18},"end":{"line":11,"column":29}},"locations":[{"start":{"line":10,"column":18},"end":{"line":11,"column":29}}]},"7":{"type":"branch","line":14,"loc":{"start":{"line":14,"column":7},"end":{"line":19,"column":1}},"locations":[{"start":{"line":14,"column":7},"end":{"line":19,"column":1}}]},"8":{"type":"branch","line":15,"loc":{"start":{"line":15,"column":29},"end":{"line":15,"column":67}},"locations":[{"start":{"line":15,"column":29},"end":{"line":15,"column":67}}]},"9":{"type":"branch","line":16,"loc":{"start":{"line":16,"column":-2},"end":{"line":16,"column":13}},"locations":[{"start":{"line":16,"column":-2},"end":{"line":16,"column":13}}]},"10":{"type":"branch","line":16,"loc":{"start":{"line":16,"column":13},"end":{"line":16,"column":59}},"locations":[{"start":{"line":16,"column":13},"end":{"line":16,"column":59}}]},"11":{"type":"branch","line":17,"loc":{"start":{"line":17,"column":-2},"end":{"line":17,"column":14}},"locations":[{"start":{"line":17,"column":-2},"end":{"line":17,"column":14}}]},"12":{"type":"branch","line":17,"loc":{"start":{"line":17,"column":14},"end":{"line":17,"column":24}},"locations":[{"start":{"line":17,"column":14},"end":{"line":17,"column":24}}]},"13":{"type":"branch","line":17,"loc":{"start":{"line":17,"column":26},"end":{"line":17,"column":35}},"locations":[{"start":{"line":17,"column":26},"end":{"line":17,"column":35}}]},"14":{"type":"branch","line":18,"loc":{"start":{"line":18,"column":-2},"end":{"line":19,"column":1}},"locations":[{"start":{"line":18,"column":-2},"end":{"line":19,"column":1}}]}},"b":{"0":[2],"1":[4],"2":[1],"3":[3],"4":[1],"5":[2],"6":[1],"7":[9],"8":[1],"9":[8],"10":[1],"11":[7],"12":[6],"13":[3],"14":[4]},"fnMap":{"0":{"name":"sumAndPlusTen","decl":{"start":{"line":1,"column":7},"end":{"line":3,"column":1}},"loc":{"start":{"line":1,"column":7},"end":{"line":3,"column":1}},"line":1},"1":{"name":"maxNum","decl":{"start":{"line":5,"column":7},"end":{"line":12,"column":1}},"loc":{"start":{"line":5,"column":7},"end":{"line":12,"column":1}},"line":5},"2":{"name":"faqTorial","decl":{"start":{"line":14,"column":7},"end":{"line":19,"column":1}},"loc":{"start":{"line":14,"column":7},"end":{"line":19,"column":1}},"line":14}},"f":{"0":2,"1":4,"2":9}}
}
